<?xml version="1.0" encoding="UTF-8"?>
<!-- Generated by org.testng.reporters.JUnitXMLReporter -->
<testsuite hostname="DESKTOP-FJI5VAO" name="Test" tests="11" failures="0" timestamp="18 Jul 2019 17:51:57 GMT" time="238.382" errors="0">
  <testcase name="validatePageTittleTest" time="0.017" classname="com.crm.qa.testcases.LoginPageTest"/>
  <testcase name="validateCRMImageTest" time="0.17" classname="com.crm.qa.testcases.LoginPageTest"/>
  <testcase name="loginTest" time="7.105" classname="com.crm.qa.testcases.LoginPageTest"/>
  <testcase name="verifyHomePageTitleTest" time="0.009" classname="com.crm.qa.testcases.HomePageTest"/>
  <testcase name="verifyUserNameTest" time="0.098" classname="com.crm.qa.testcases.HomePageTest"/>
  <testcase name="verifyContactsLinkTest" time="1.749" classname="com.crm.qa.testcases.HomePageTest"/>
  <testcase name="verifyContactsPageLabel" time="0.104" classname="com.crm.qa.testcases.ContactsPageTest"/>
  <testcase name="selectSingleContactsTest" time="0.24" classname="com.crm.qa.testcases.ContactsPageTest"/>
  <testcase name="validateCreateNewContact" time="5.402" classname="com.crm.qa.testcases.ContactsPageTest"/>
  <testcase name="validateCreateNewContact" time="5.151" classname="com.crm.qa.testcases.ContactsPageTest"/>
  <testcase name="validateCreateNewContact" time="6.201" classname="com.crm.qa.testcases.ContactsPageTest"/>
</testsuite> <!-- Test -->
